(my_conda_env) root@mlops:~/MLOP_22# python3 Classification_Best_Model_Q1.py 


Model Training in progress..................

[ Gamma: 0.001, C: 0.2 ] ===> Dev Accuracy : 0.97 , Test Accuracy : 0.98 
[ Gamma: 0.001, C: 0.3 ] ===> Dev Accuracy : 0.98 , Test Accuracy : 0.98 
[ Gamma: 0.001, C: 0.7 ] ===> Dev Accuracy : 0.98 , Test Accuracy : 0.99 
[ Gamma: 0.001, C: 5 ] ===> Dev Accuracy : 0.98 , Test Accuracy : 1.0 
[ Gamma: 0.001, C: 7 ] ===> Dev Accuracy : 0.98 , Test Accuracy : 1.0 
[ Gamma: 0.001, C: 10 ] ===> Dev Accuracy : 0.98 , Test Accuracy : 1.0 
[ Gamma: 0.005, C: 0.2 ] ===> Dev Accuracy : 0.63 , Test Accuracy : 0.65 
[ Gamma: 0.005, C: 0.3 ] ===> Dev Accuracy : 0.87 , Test Accuracy : 0.86 
[ Gamma: 0.005, C: 0.7 ] ===> Dev Accuracy : 0.94 , Test Accuracy : 0.98 
[ Gamma: 0.005, C: 5 ] ===> Dev Accuracy : 0.96 , Test Accuracy : 0.98 
[ Gamma: 0.005, C: 7 ] ===> Dev Accuracy : 0.96 , Test Accuracy : 0.98 
[ Gamma: 0.005, C: 10 ] ===> Dev Accuracy : 0.96 , Test Accuracy : 0.98 
[ Gamma: 0.001, C: 0.2 ] ===> Dev Accuracy : 0.97 , Test Accuracy : 0.98 
[ Gamma: 0.001, C: 0.3 ] ===> Dev Accuracy : 0.98 , Test Accuracy : 0.98 
[ Gamma: 0.001, C: 0.7 ] ===> Dev Accuracy : 0.98 , Test Accuracy : 0.99 
[ Gamma: 0.001, C: 5 ] ===> Dev Accuracy : 0.98 , Test Accuracy : 1.0 
[ Gamma: 0.001, C: 7 ] ===> Dev Accuracy : 0.98 , Test Accuracy : 1.0 
[ Gamma: 0.001, C: 10 ] ===> Dev Accuracy : 0.98 , Test Accuracy : 1.0 
[ Gamma: 0.0005, C: 0.2 ] ===> Dev Accuracy : 0.97 , Test Accuracy : 0.97 
[ Gamma: 0.0005, C: 0.3 ] ===> Dev Accuracy : 0.98 , Test Accuracy : 0.98 
[ Gamma: 0.0005, C: 0.7 ] ===> Dev Accuracy : 0.98 , Test Accuracy : 0.98 
[ Gamma: 0.0005, C: 5 ] ===> Dev Accuracy : 0.98 , Test Accuracy : 1.0 
[ Gamma: 0.0005, C: 7 ] ===> Dev Accuracy : 0.98 , Test Accuracy : 1.0 
[ Gamma: 0.0005, C: 10 ] ===> Dev Accuracy : 0.98 , Test Accuracy : 1.0 
[ Gamma: 0.0001, C: 0.2 ] ===> Dev Accuracy : 0.9 , Test Accuracy : 0.94 
[ Gamma: 0.0001, C: 0.3 ] ===> Dev Accuracy : 0.93 , Test Accuracy : 0.94 
[ Gamma: 0.0001, C: 0.7 ] ===> Dev Accuracy : 0.97 , Test Accuracy : 0.96 
[ Gamma: 0.0001, C: 5 ] ===> Dev Accuracy : 0.98 , Test Accuracy : 0.99 
[ Gamma: 0.0001, C: 7 ] ===> Dev Accuracy : 0.98 , Test Accuracy : 0.99 
[ Gamma: 0.0001, C: 10 ] ===> Dev Accuracy : 0.98 , Test Accuracy : 0.99 


------------------Best Results ----------------------------------
{'val_acc': 0.98, 'Test_acc': 1.0}

----------------------------------------------------------------
Best Parms Gamma: 0.001 , C: 5

------------------------- dev Report ---------------------------
Classification report for classifier SVC(C=5, gamma=0.001):
              precision    recall  f1-score   support

           0       1.00      1.00      1.00        21
           1       1.00      1.00      1.00        23
           2       1.00      1.00      1.00        17
           3       1.00      1.00      1.00        14
           4       1.00      1.00      1.00        26
           5       1.00      1.00      1.00        16
           6       1.00      1.00      1.00        14
           7       1.00      1.00      1.00        12
           8       1.00      1.00      1.00        20
           9       1.00      1.00      1.00        17

    accuracy                           1.00       180
   macro avg       1.00      1.00      1.00       180
weighted avg       1.00      1.00      1.00       180



------------------------- Test Report --------------------------
Classification report for classifier SVC(C=5, gamma=0.001):
              precision    recall  f1-score   support

           0       1.00      1.00      1.00        21
           1       1.00      1.00      1.00        23
           2       1.00      1.00      1.00        17
           3       1.00      1.00      1.00        14
           4       1.00      1.00      1.00        26
           5       1.00      1.00      1.00        16
           6       1.00      1.00      1.00        14
           7       1.00      1.00      1.00        12
           8       1.00      1.00      1.00        20
           9       1.00      1.00      1.00        17

    accuracy                           1.00       180
   macro avg       1.00      1.00      1.00       180
weighted avg       1.00      1.00      1.00       180


(my_conda_env) root@mlops:~/MLOP_22#
